<?xml version="1.0" encoding="UTF-8"?>
<!-- Generated by org.testng.reporters.JUnitXMLReporter -->
<testsuite ignored="3" hostname="WLA20FXJ" failures="0" tests="3" name="Default test" time="193.351" errors="0" timestamp="2022-02-09T23:05:13 IST">
  <testcase classname="com.joeflood.qa.testcases.SubmissionPageTest" name="CreateSubmissionTest" time="70.043"/>
  <testcase classname="com.joeflood.qa.testcases.SubmissionPageTest" name="GetQuoteTest" time="80.733"/>
  <testcase classname="com.joeflood.qa.testcases.SubmissionPageTest" name="QuoteDownloadTest" time="20.146"/>
  <testcase classname="com.joeflood.qa.testcases.SubmissionPageTest" name="UsersPageTitleTest" time="0.0">
    <ignored/>
  </testcase> <!-- UsersPageTitleTest -->
  <testcase classname="com.joeflood.qa.testcases.SubmissionPageTest" name="EditSubmissionFormTest" time="0.0">
    <ignored/>
  </testcase> <!-- EditSubmissionFormTest -->
  <testcase classname="com.joeflood.qa.testcases.SubmissionPageTest" name="DeleteSubmissionFormTest" time="0.0">
    <ignored/>
  </testcase> <!-- DeleteSubmissionFormTest -->
</testsuite> <!-- Default test -->
