<?xml version="1.0" encoding="UTF-8"?>
<testng-results ignored="3" total="6" passed="3" failed="0" skipped="0">
  <reporter-output>
  </reporter-output>
  <suite started-at="2022-02-09T23:01:59 IST" name="Default suite" finished-at="2022-02-09T23:05:13 IST" duration-ms="193351">
    <groups>
    </groups>
    <test started-at="2022-02-09T23:01:59 IST" name="Default test" finished-at="2022-02-09T23:05:13 IST" duration-ms="193351">
      <class name="com.joeflood.qa.testcases.SubmissionPageTest">
        <test-method is-config="true" signature="setExtent()[pri:0, instance:com.joeflood.qa.testcases.SubmissionPageTest@68d279ec]" started-at="2022-02-09T23:01:59 IST" name="setExtent" finished-at="2022-02-09T23:01:59 IST" duration-ms="161" status="PASS">
          <reporter-output>
          </reporter-output>
        </test-method> <!-- setExtent -->
        <test-method is-config="true" signature="setUp()[pri:0, instance:com.joeflood.qa.testcases.SubmissionPageTest@68d279ec]" started-at="2022-02-09T23:02:00 IST" name="setUp" finished-at="2022-02-09T23:02:07 IST" duration-ms="7269" status="PASS">
          <reporter-output>
          </reporter-output>
        </test-method> <!-- setUp -->
        <test-method signature="CreateSubmissionTest(java.lang.String, java.lang.String, java.lang.String, java.lang.String, java.lang.String, java.lang.String, java.lang.String, java.lang.String, java.lang.String, java.lang.String, java.lang.String, java.lang.String, java.lang.String)[pri:1, instance:com.joeflood.qa.testcases.SubmissionPageTest@68d279ec]" started-at="2022-02-09T23:02:07 IST" name="CreateSubmissionTest" data-provider="getTestData" finished-at="2022-02-09T23:03:17 IST" duration-ms="70043" status="PASS">
          <params>
            <param index="0">
              <value>
                <![CDATA[238 Hawthorne St, Humarock, Scituate, MA, USA]]>
              </value>
            </param>
            <param index="1">
              <value>
                <![CDATA[TestScenario1]]>
              </value>
            </param>
            <param index="2">
              <value>
                <![CDATA[Chris]]>
              </value>
            </param>
            <param index="3">
              <value>
                <![CDATA[Single Family]]>
              </value>
            </param>
            <param index="4">
              <value>
                <![CDATA[Primary Residence]]>
              </value>
            </param>
            <param index="5">
              <value>
                <![CDATA[masonry]]>
              </value>
            </param>
            <param index="6">
              <value>
                <![CDATA[UnFinished Basement]]>
              </value>
            </param>
            <param index="7">
              <value>
                <![CDATA[10000.0]]>
              </value>
            </param>
            <param index="8">
              <value>
                <![CDATA[0.0]]>
              </value>
            </param>
            <param index="9">
              <value>
                <![CDATA[5000.0]]>
              </value>
            </param>
            <param index="10">
              <value>
                <![CDATA[2000.0]]>
              </value>
            </param>
            <param index="11">
              <value>
                <![CDATA[2000.0]]>
              </value>
            </param>
            <param index="12">
              <value>
                <![CDATA[2000.0]]>
              </value>
            </param>
          </params>
          <reporter-output>
          </reporter-output>
        </test-method> <!-- CreateSubmissionTest -->
        <test-method is-config="true" signature="tearDown(org.testng.ITestResult)[pri:0, instance:com.joeflood.qa.testcases.SubmissionPageTest@68d279ec]" started-at="2022-02-09T23:03:17 IST" name="tearDown" finished-at="2022-02-09T23:03:17 IST" duration-ms="182" status="PASS">
          <params>
            <param index="0">
              <value>
                <![CDATA[[TestResult name=CreateSubmissionTest status=SUCCESS method=SubmissionPageTest.CreateSubmissionTest(java.lang.String, java.lang.String, java.lang.String, java.lang.String, java.lang.String, java.lang.String, java.lang.String, java.lang.String, java.lang.String, java.lang.String, java.lang.String, java.lang.String, java.lang.String)[pri:1, instance:com.joeflood.qa.testcases.SubmissionPageTest@68d279ec] output={null}]]]>
              </value>
            </param>
          </params>
          <reporter-output>
          </reporter-output>
        </test-method> <!-- tearDown -->
        <test-method is-config="true" signature="setUp()[pri:0, instance:com.joeflood.qa.testcases.SubmissionPageTest@68d279ec]" started-at="2022-02-09T23:03:17 IST" name="setUp" finished-at="2022-02-09T23:03:24 IST" duration-ms="6808" status="PASS">
          <reporter-output>
          </reporter-output>
        </test-method> <!-- setUp -->
        <test-method signature="GetQuoteTest()[pri:2, instance:com.joeflood.qa.testcases.SubmissionPageTest@68d279ec]" started-at="2022-02-09T23:03:24 IST" name="GetQuoteTest" finished-at="2022-02-09T23:04:45 IST" depends-on-methods="com.joeflood.qa.testcases.SubmissionPageTest.CreateSubmissionTest" duration-ms="80733" status="PASS">
          <reporter-output>
          </reporter-output>
        </test-method> <!-- GetQuoteTest -->
        <test-method is-config="true" signature="tearDown(org.testng.ITestResult)[pri:0, instance:com.joeflood.qa.testcases.SubmissionPageTest@68d279ec]" started-at="2022-02-09T23:04:45 IST" name="tearDown" finished-at="2022-02-09T23:04:45 IST" duration-ms="132" status="PASS">
          <params>
            <param index="0">
              <value>
                <![CDATA[[TestResult name=GetQuoteTest status=SUCCESS method=SubmissionPageTest.GetQuoteTest()[pri:2, instance:com.joeflood.qa.testcases.SubmissionPageTest@68d279ec] output={null}]]]>
              </value>
            </param>
          </params>
          <reporter-output>
          </reporter-output>
        </test-method> <!-- tearDown -->
        <test-method is-config="true" signature="setUp()[pri:0, instance:com.joeflood.qa.testcases.SubmissionPageTest@68d279ec]" started-at="2022-02-09T23:04:45 IST" name="setUp" finished-at="2022-02-09T23:04:52 IST" duration-ms="7014" status="PASS">
          <reporter-output>
          </reporter-output>
        </test-method> <!-- setUp -->
        <test-method signature="QuoteDownloadTest()[pri:3, instance:com.joeflood.qa.testcases.SubmissionPageTest@68d279ec]" started-at="2022-02-09T23:04:52 IST" name="QuoteDownloadTest" finished-at="2022-02-09T23:05:12 IST" depends-on-methods="com.joeflood.qa.testcases.SubmissionPageTest.GetQuoteTest" duration-ms="20146" status="PASS">
          <reporter-output>
          </reporter-output>
        </test-method> <!-- QuoteDownloadTest -->
        <test-method is-config="true" signature="tearDown(org.testng.ITestResult)[pri:0, instance:com.joeflood.qa.testcases.SubmissionPageTest@68d279ec]" started-at="2022-02-09T23:05:12 IST" name="tearDown" finished-at="2022-02-09T23:05:12 IST" duration-ms="167" status="PASS">
          <params>
            <param index="0">
              <value>
                <![CDATA[[TestResult name=QuoteDownloadTest status=SUCCESS method=SubmissionPageTest.QuoteDownloadTest()[pri:3, instance:com.joeflood.qa.testcases.SubmissionPageTest@68d279ec] output={null}]]]>
              </value>
            </param>
          </params>
          <reporter-output>
          </reporter-output>
        </test-method> <!-- tearDown -->
        <test-method is-config="true" signature="endReport()[pri:0, instance:com.joeflood.qa.testcases.SubmissionPageTest@68d279ec]" started-at="2022-02-09T23:05:12 IST" name="endReport" finished-at="2022-02-09T23:05:13 IST" duration-ms="211" status="PASS">
          <reporter-output>
          </reporter-output>
        </test-method> <!-- endReport -->
      </class> <!-- com.joeflood.qa.testcases.SubmissionPageTest -->
    </test> <!-- Default test -->
  </suite> <!-- Default suite -->
</testng-results>
